Arguments: 
  /home/luisg/.nvm/versions/node/v9.10.1/bin/node /usr/share/yarn/bin/yarn.js

PATH: 
  /home/luisg/.nvm/versions/node/v9.10.1/bin:/usr/local/sbin:/usr/local/bin:/usr/sbin:/usr/bin:/sbin:/bin:/usr/games:/usr/local/games:/snap/bin:/home/luisg/Android/Sdk/tools:/home/luisg/Android/Sdk/platform-tools:/home/luisg/Downloads/genymotion/tools

Yarn version: 
  1.7.0

Node version: 
  9.10.1

Platform: 
  linux x64

Trace: 
  Error: https://github.com/expo/react-native/archive/sdk-28.0.0.tar.gz: Invalid tar header. Maybe the tar is corrupted or it needs to be gunzipped?
      at Object.module.exports.exports.decode (/usr/share/yarn/lib/cli.js:77578:43)
      at Extract.onheader (/usr/share/yarn/lib/cli.js:146111:39)
      at Extract.module.exports.Extract._write (/usr/share/yarn/lib/cli.js:146237:8)
      at doWrite (/usr/share/yarn/lib/cli.js:73566:64)
      at writeOrBuffer (/usr/share/yarn/lib/cli.js:73555:5)
      at Extract.module.exports.Writable.write (/usr/share/yarn/lib/cli.js:73492:11)
      at Duplexify.ondata (/usr/share/yarn/lib/cli.js:72640:20)
      at Duplexify.emit (events.js:180:13)
      at readableAddChunk (/usr/share/yarn/lib/cli.js:72311:18)
      at Duplexify.module.exports.Readable.push (/usr/share/yarn/lib/cli.js:72270:10)

npm manifest: 
  {
    "name": "app",
    "main": "node_modules/expo/AppEntry.js",
    "private": true,
    "dependencies": {
      "easytimer": "^1.1.1",
      "easytimer.js": "^2.3.0",
      "exp": "^56.0.0",
      "expo": "^28.0.0",
      "firebase": "^5.3.0",
      "i18next": "^11.5.0",
      "moment": "^2.22.2",
      "pretty-ms": "^4.0.0",
      "react": "^16.3.1",
      "react-native": "https://github.com/expo/react-native/archive/sdk-28.0.0.tar.gz",
      "react-native-android-back-button": "^0.3.0",
      "react-native-background-audio": "^1.1.4",
      "react-native-calendar-picker": "^5.21.0",
      "react-native-calendars": "^1.20.0",
      "react-native-elements": "^0.19.1",
      "react-native-keyboard-aware-scroll-view": "^0.7.4",
      "react-native-material-design": "^0.3.7",
      "react-native-material-design-styles": "^0.2.7",
      "react-native-modal-datetime-picker": "^6.0.0",
      "react-native-multiple-select": "^0.4.4",
      "react-native-restart": "0.0.7",
      "react-native-scalable-image": "^0.4.0",
      "react-native-sectioned-multi-select": "^0.5.2",
      "react-native-select-multiple": "^1.2.0",
      "react-native-sound": "^0.10.9",
      "react-native-vector-icons": "^4.6.0",
      "react-navigation": "^2.7.0",
      "react-navigation-backhandler": "^1.1.1",
      "react-navigation-material-bottom-tabs": "^0.3.0"
    }
  }

yarn manifest: 
  No manifest

Lockfile: 
  No lockfile
